2024-11-23 15:05:16,076 [INFO] Activator:176 - 


2024-11-23 15:05:16,079 [INFO] Activator:177 - !SESSION log4j initialized
2024-11-23 15:05:19,721 [INFO] LogOutputStream:77 - [STDOUT_REDIRECT] 
2024-11-23 15:05:22,180 [INFO] ApplicationProperties:184 - Using Application install path: C:\ST\STM32CubeIDE_1.14.1\STM32CubeIDE\plugins\com.st.stm32cube.common.mx_6.10.0.202311202037
2024-11-23 15:05:22,193 [INFO] DbMcusXml:78 - Set database path to: C:\ST\STM32CubeIDE_1.14.1\STM32CubeIDE\plugins\com.st.stm32cube.common.mx_6.10.0.202311202037\\db\/mcu/
2024-11-23 15:05:22,193 [INFO] ApiDb:274 - Set plugin database path to: C:\ST\STM32CubeIDE_1.14.1\STM32CubeIDE\plugins\com.st.stm32cube.common.mx_6.10.0.202311202037\\db\/plugins/boardmanager/
2024-11-23 15:05:22,193 [WARN] ApiDb:259 - Overriding images path with different value:  => C:\ST\STM32CubeIDE_1.14.1\STM32CubeIDE\plugins\com.st.stm32cube.common.mx_6.10.0.202311202037\\db\/plugins/mcufinder/images/
2024-11-23 15:05:22,199 [INFO] ApiDb:250 - Set database path to: C:\Users\user\.stmcufinder\plugins\mcufinder//mcu/
2024-11-23 15:05:22,200 [INFO] DbMcusAds:125 - Set database path to: C:\Users\user\.stmcufinder\plugins\mcufinder//mcu/
2024-11-23 15:05:22,201 [INFO] CrossReferenceDbSqlite:203 - Set database path to: C:\Users\user\.stmcufinder\plugins\mcufinder//mcu/cs/
2024-11-23 15:05:22,272 [INFO] RulesReader:64 - Compatibility file has been processed (297 Rules)
2024-11-23 15:05:22,331 [INFO] DbMcusXml:78 - Set database path to: C:\ST\STM32CubeIDE_1.14.1\STM32CubeIDE\plugins\com.st.stm32cube.common.mx_6.10.0.202311202037\\db\/mcu/
2024-11-23 15:05:22,331 [INFO] ApiDb:274 - Set plugin database path to: C:\ST\STM32CubeIDE_1.14.1\STM32CubeIDE\plugins\com.st.stm32cube.common.mx_6.10.0.202311202037\\db\/plugins/boardmanager/
2024-11-23 15:05:22,331 [INFO] ApiDb:261 - Set plugin images path to: C:\ST\STM32CubeIDE_1.14.1\STM32CubeIDE\plugins\com.st.stm32cube.common.mx_6.10.0.202311202037\\db\/plugins/mcufinder/images/
2024-11-23 15:05:22,331 [WARN] DbFile:41 - Overriding database path with different value: C:\Users\user\.stmcufinder\plugins\mcufinder/ => C:\Users\user\.stmcufinder\plugins\mcufinder
2024-11-23 15:05:22,331 [INFO] ApiDb:250 - Set database path to: C:\Users\user\.stmcufinder\plugins\mcufinder//mcu/
2024-11-23 15:05:22,331 [WARN] DbFile:41 - Overriding database path with different value: C:\Users\user\.stmcufinder\plugins\mcufinder/ => C:\Users\user\.stmcufinder\plugins\mcufinder
2024-11-23 15:05:22,331 [INFO] DbMcusAds:125 - Set database path to: C:\Users\user\.stmcufinder\plugins\mcufinder//mcu/
2024-11-23 15:05:22,331 [WARN] DbFile:41 - Overriding database path with different value: C:\Users\user\.stmcufinder\plugins\mcufinder/ => C:\Users\user\.stmcufinder\plugins\mcufinder
2024-11-23 15:05:22,331 [WARN] DbFile:41 - Overriding database path with different value: C:\Users\user\.stmcufinder\plugins\mcufinder/ => C:\Users\user\.stmcufinder\plugins\mcufinder
2024-11-23 15:05:22,331 [INFO] CrossReferenceDbSqlite:203 - Set database path to: C:\Users\user\.stmcufinder\plugins\mcufinder//mcu/cs/
2024-11-23 15:05:22,381 [INFO] MainPanel:264 - HeapMemory: 268435456
2024-11-23 15:05:22,435 [INFO] DbMcusXml:78 - Set database path to: C:\ST\STM32CubeIDE_1.14.1\STM32CubeIDE\plugins\com.st.stm32cube.common.mx_6.10.0.202311202037\\db\/mcu/
2024-11-23 15:05:22,435 [INFO] ApiDb:274 - Set plugin database path to: C:\ST\STM32CubeIDE_1.14.1\STM32CubeIDE\plugins\com.st.stm32cube.common.mx_6.10.0.202311202037\\db\/plugins/boardmanager/
2024-11-23 15:05:22,435 [INFO] ApiDb:261 - Set plugin images path to: C:\ST\STM32CubeIDE_1.14.1\STM32CubeIDE\plugins\com.st.stm32cube.common.mx_6.10.0.202311202037\\db\/plugins/mcufinder/images/
2024-11-23 15:05:22,435 [WARN] DbFile:41 - Overriding database path with different value: C:\Users\user\.stmcufinder\plugins\mcufinder/ => C:\Users\user\.stmcufinder\plugins\mcufinder
2024-11-23 15:05:22,435 [INFO] ApiDb:250 - Set database path to: C:\Users\user\.stmcufinder\plugins\mcufinder//mcu/
2024-11-23 15:05:22,435 [WARN] DbFile:41 - Overriding database path with different value: C:\Users\user\.stmcufinder\plugins\mcufinder/ => C:\Users\user\.stmcufinder\plugins\mcufinder
2024-11-23 15:05:22,435 [INFO] DbMcusAds:125 - Set database path to: C:\Users\user\.stmcufinder\plugins\mcufinder//mcu/
2024-11-23 15:05:22,435 [WARN] DbFile:41 - Overriding database path with different value: C:\Users\user\.stmcufinder\plugins\mcufinder/ => C:\Users\user\.stmcufinder\plugins\mcufinder
2024-11-23 15:05:22,435 [WARN] DbFile:41 - Overriding database path with different value: C:\Users\user\.stmcufinder\plugins\mcufinder/ => C:\Users\user\.stmcufinder\plugins\mcufinder
2024-11-23 15:05:22,435 [INFO] CrossReferenceDbSqlite:203 - Set database path to: C:\Users\user\.stmcufinder\plugins\mcufinder//mcu/cs/
2024-11-23 15:05:22,447 [INFO] ApplicationProperties:184 - Using Application install path: C:\ST\STM32CubeIDE_1.14.1\STM32CubeIDE\plugins\com.st.stm32cube.common.mx_6.10.0.202311202037
2024-11-23 15:05:22,448 [INFO] PluginManage:196 - Search for loadable plugins [exclusion list=, ]
2024-11-23 15:05:22,449 [INFO] PluginManage:310 - Check plugin analytics
2024-11-23 15:05:22,559 [INFO] AnalyticsPlugin:253 - Accepted Software Licenses: 
2024-11-23 15:05:22,559 [INFO] AnalyticsPlugin:255 - Accepted CMSIS Pack Licenses: 
2024-11-23 15:05:22,559 [INFO] AnalyticsPlugin:257 - Accepted Firmware Licenses: FW.F4.1.28.0
2024-11-23 15:05:22,561 [INFO] PluginManage:359 - Loaded plugin analytics (category:tool,tabindex:-1)
2024-11-23 15:05:22,562 [INFO] PluginManage:310 - Check plugin cadmodel
2024-11-23 15:05:22,566 [INFO] CADModel:105 - Init CAD model plugin
2024-11-23 15:05:22,567 [INFO] PluginManage:359 - Loaded plugin cadmodel (category:power,tabindex:5)
2024-11-23 15:05:22,567 [INFO] PluginManage:310 - Check plugin clock
2024-11-23 15:05:22,576 [INFO] PluginManage:359 - Loaded plugin clock (category:base,tabindex:2)
2024-11-23 15:05:22,576 [INFO] PluginManage:310 - Check plugin ddr
2024-11-23 15:05:22,578 [INFO] PluginManage:359 - Loaded plugin ddr (category:tool,tabindex:6)
2024-11-23 15:05:22,578 [INFO] PluginManage:310 - Check plugin filemanager
2024-11-23 15:05:22,683 [INFO] PluginManage:359 - Loaded plugin filemanager (category:base,tabindex:10)
2024-11-23 15:05:22,683 [INFO] PluginManage:310 - Check plugin ipmanager
2024-11-23 15:05:22,688 [INFO] PluginManage:359 - Loaded plugin ipmanager (category:base,tabindex:5)
2024-11-23 15:05:22,688 [INFO] PluginManage:310 - Check plugin lpbam
2024-11-23 15:05:22,694 [INFO] PluginManage:359 - Loaded plugin lpbam (category:base,tabindex:0)
2024-11-23 15:05:22,694 [INFO] PluginManage:310 - Check plugin memorymap
2024-11-23 15:05:22,703 [INFO] PluginManage:359 - Loaded plugin memorymap (category:base,tabindex:4)
2024-11-23 15:05:22,703 [INFO] PluginManage:310 - Check plugin pinoutandconfiguration
2024-11-23 15:05:22,708 [INFO] PluginManage:359 - Loaded plugin pinoutandconfiguration (category:base,tabindex:1)
2024-11-23 15:05:22,708 [INFO] PluginManage:310 - Check plugin pinoutconfig
2024-11-23 15:05:22,761 [WARN] SupportedApi:132 - Cannot load RTOS API schema: s4s-elt-must-match.1: The content of 'definitions' must match (annotation?, (simpleType | complexType)?, (unique | key | keyref)*)). A problem was found starting at: attribute.
2024-11-23 15:05:22,853 [INFO] PluginManage:359 - Loaded plugin pinoutconfig (category:base,tabindex:0)
2024-11-23 15:05:22,853 [INFO] PluginManage:310 - Check plugin power
2024-11-23 15:05:22,861 [INFO] PluginManage:359 - Loaded plugin power (category:power,tabindex:4)
2024-11-23 15:05:22,861 [INFO] PluginManage:310 - Check plugin projectmanager
2024-11-23 15:05:22,872 [INFO] PluginManage:359 - Loaded plugin projectmanager (category:projectmanager,tabindex:3)
2024-11-23 15:05:22,872 [INFO] PluginManage:310 - Check plugin thirdparty
2024-11-23 15:05:22,959 [INFO] PluginManage:359 - Loaded plugin thirdparty (category:base,tabindex:-1)
2024-11-23 15:05:22,959 [WARN] IntegrityCheckThread:84 - waiting for thirdparty lock release [integrity check]
2024-11-23 15:05:22,959 [INFO] PluginManage:310 - Check plugin tools
2024-11-23 15:05:22,959 [INFO] IntegrityCheckThread:86 - entering critical section [integrity check]
2024-11-23 15:05:22,960 [INFO] ThirdPartyUpdaterWithRetryManager:70 - Updater plugin not ready yet. [1/15]
2024-11-23 15:05:22,961 [INFO] PluginManage:359 - Loaded plugin tools (category:base,tabindex:7)
2024-11-23 15:05:22,961 [INFO] PluginManage:310 - Check plugin tutovideos
2024-11-23 15:05:23,072 [INFO] PluginManage:359 - Loaded plugin tutovideos (category:base,tabindex:-1)
2024-11-23 15:05:23,072 [INFO] PluginManage:310 - Check plugin updater
2024-11-23 15:05:23,080 [INFO] PluginManage:359 - Loaded plugin updater (category:base,tabindex:12)
2024-11-23 15:05:23,080 [INFO] PluginManage:310 - Check plugin userauth
2024-11-23 15:05:23,084 [INFO] UserAuth:114 - Init User Auth plugin
2024-11-23 15:05:23,084 [INFO] PluginManage:359 - Loaded plugin userauth (category:base,tabindex:14)
2024-11-23 15:05:23,084 [INFO] PluginManage:283 - PluginManage : Loaded plugins [17]
2024-11-23 15:05:23,212 [INFO] PinOutPanel:1499 - setPackage(No Configuration,No Configuration)
2024-11-23 15:05:23,261 [INFO] CADModel:165 - CPN selected for project level
2024-11-23 15:05:23,261 [INFO] CADModel:114 - Register for checkConnection events
2024-11-23 15:05:23,272 [INFO] IPUIPlugin:80 - create IPUIPlugin
2024-11-23 15:05:23,272 [INFO] PluginManager:220 - loadIPPluginJar : add adc
2024-11-23 15:05:23,274 [INFO] IPUIPlugin:80 - create IPUIPlugin
2024-11-23 15:05:23,274 [INFO] PluginManager:220 - loadIPPluginJar : add aes
2024-11-23 15:05:23,277 [INFO] IPUIPlugin:80 - create IPUIPlugin
2024-11-23 15:05:23,277 [INFO] PluginManager:220 - loadIPPluginJar : add can
2024-11-23 15:05:23,278 [INFO] IPUIPlugin:80 - create IPUIPlugin
2024-11-23 15:05:23,278 [INFO] PluginManager:220 - loadIPPluginJar : add comp
2024-11-23 15:05:23,280 [INFO] IPUIPlugin:80 - create IPUIPlugin
2024-11-23 15:05:23,280 [INFO] PluginManager:220 - loadIPPluginJar : add cryp
2024-11-23 15:05:23,282 [INFO] IPUIPlugin:80 - create IPUIPlugin
2024-11-23 15:05:23,282 [INFO] PluginManager:220 - loadIPPluginJar : add dfsdm
2024-11-23 15:05:23,285 [INFO] IPUIPlugin:80 - create IPUIPlugin
2024-11-23 15:05:23,285 [INFO] PluginManager:220 - loadIPPluginJar : add dma
2024-11-23 15:05:23,287 [INFO] IPUIPlugin:80 - create IPUIPlugin
2024-11-23 15:05:23,287 [INFO] PluginManager:220 - loadIPPluginJar : add dma3
2024-11-23 15:05:23,287 [INFO] IPUIPlugin:80 - create IPUIPlugin
2024-11-23 15:05:23,287 [INFO] PluginManager:220 - loadIPPluginJar : add fatfs
2024-11-23 15:05:23,289 [INFO] IPUIPlugin:80 - create IPUIPlugin
2024-11-23 15:05:23,289 [INFO] PluginManager:220 - loadIPPluginJar : add fmc
2024-11-23 15:05:23,294 [INFO] IPUIPlugin:80 - create IPUIPlugin
2024-11-23 15:05:23,294 [INFO] PluginManager:220 - loadIPPluginJar : add freertos
2024-11-23 15:05:23,295 [INFO] IPUIPlugin:80 - create IPUIPlugin
2024-11-23 15:05:23,295 [INFO] PluginManager:220 - loadIPPluginJar : add genericplugin
2024-11-23 15:05:23,297 [INFO] IPUIPlugin:80 - create IPUIPlugin
2024-11-23 15:05:23,297 [INFO] PluginManager:220 - loadIPPluginJar : add gfxmmu
2024-11-23 15:05:23,300 [INFO] IPUIPlugin:80 - create IPUIPlugin
2024-11-23 15:05:23,300 [INFO] PluginManager:220 - loadIPPluginJar : add gic
2024-11-23 15:05:23,302 [INFO] IPUIPlugin:80 - create IPUIPlugin
2024-11-23 15:05:23,302 [INFO] PluginManager:220 - loadIPPluginJar : add gpio
2024-11-23 15:05:23,304 [INFO] IPUIPlugin:80 - create IPUIPlugin
2024-11-23 15:05:23,304 [INFO] PluginManager:220 - loadIPPluginJar : add gtzc
2024-11-23 15:05:23,306 [INFO] IPUIPlugin:80 - create IPUIPlugin
2024-11-23 15:05:23,306 [INFO] PluginManager:220 - loadIPPluginJar : add hash
2024-11-23 15:05:23,307 [INFO] IPUIPlugin:80 - create IPUIPlugin
2024-11-23 15:05:23,307 [INFO] PluginManager:220 - loadIPPluginJar : add i2c
2024-11-23 15:05:23,309 [INFO] IPUIPlugin:80 - create IPUIPlugin
2024-11-23 15:05:23,309 [INFO] PluginManager:220 - loadIPPluginJar : add i2s
2024-11-23 15:05:23,310 [INFO] IPUIPlugin:80 - create IPUIPlugin
2024-11-23 15:05:23,310 [INFO] PluginManager:220 - loadIPPluginJar : add i3c
2024-11-23 15:05:23,313 [INFO] IPUIPlugin:80 - create IPUIPlugin
2024-11-23 15:05:23,313 [INFO] PluginManager:220 - loadIPPluginJar : add ipddr
2024-11-23 15:05:23,317 [INFO] IPUIPlugin:80 - create IPUIPlugin
2024-11-23 15:05:23,317 [INFO] PluginManager:220 - loadIPPluginJar : add linkedlist
2024-11-23 15:05:23,319 [INFO] IPUIPlugin:80 - create IPUIPlugin
2024-11-23 15:05:23,319 [INFO] PluginManager:220 - loadIPPluginJar : add lorawan
2024-11-23 15:05:23,320 [INFO] IPUIPlugin:80 - create IPUIPlugin
2024-11-23 15:05:23,320 [INFO] PluginManager:220 - loadIPPluginJar : add ltdc
2024-11-23 15:05:23,324 [INFO] IPUIPlugin:80 - create IPUIPlugin
2024-11-23 15:05:23,324 [INFO] PluginManager:220 - loadIPPluginJar : add mdma
2024-11-23 15:05:23,326 [INFO] IPUIPlugin:80 - create IPUIPlugin
2024-11-23 15:05:23,326 [INFO] PluginManager:220 - loadIPPluginJar : add nvic
2024-11-23 15:05:23,328 [INFO] IPUIPlugin:80 - create IPUIPlugin
2024-11-23 15:05:23,328 [INFO] PluginManager:220 - loadIPPluginJar : add opamp
2024-11-23 15:05:23,330 [INFO] IPUIPlugin:80 - create IPUIPlugin
2024-11-23 15:05:23,330 [INFO] PluginManager:220 - loadIPPluginJar : add openamp
2024-11-23 15:05:23,332 [INFO] IPUIPlugin:80 - create IPUIPlugin
2024-11-23 15:05:23,332 [INFO] PluginManager:220 - loadIPPluginJar : add pdm2pcm
2024-11-23 15:05:23,336 [INFO] IPUIPlugin:80 - create IPUIPlugin
2024-11-23 15:05:23,337 [INFO] PluginManager:220 - loadIPPluginJar : add plateformsettings
2024-11-23 15:05:23,339 [INFO] IPUIPlugin:80 - create IPUIPlugin
2024-11-23 15:05:23,339 [INFO] PluginManager:220 - loadIPPluginJar : add quadspi
2024-11-23 15:05:23,341 [INFO] IPUIPlugin:80 - create IPUIPlugin
2024-11-23 15:05:23,341 [INFO] PluginManager:220 - loadIPPluginJar : add resmgrutility
2024-11-23 15:05:23,343 [INFO] IPUIPlugin:80 - create IPUIPlugin
2024-11-23 15:05:23,343 [INFO] PluginManager:220 - loadIPPluginJar : add sai
2024-11-23 15:05:23,345 [INFO] IPUIPlugin:80 - create IPUIPlugin
2024-11-23 15:05:23,345 [INFO] PluginManager:220 - loadIPPluginJar : add spi
2024-11-23 15:05:23,348 [INFO] IPUIPlugin:80 - create IPUIPlugin
2024-11-23 15:05:23,348 [INFO] PluginManager:220 - loadIPPluginJar : add stm32_wpan
2024-11-23 15:05:23,349 [INFO] IPUIPlugin:80 - create IPUIPlugin
2024-11-23 15:05:23,349 [INFO] PluginManager:220 - loadIPPluginJar : add tim
2024-11-23 15:05:23,351 [INFO] IPUIPlugin:80 - create IPUIPlugin
2024-11-23 15:05:23,351 [INFO] PluginManager:220 - loadIPPluginJar : add touchsensing
2024-11-23 15:05:23,352 [INFO] IPUIPlugin:80 - create IPUIPlugin
2024-11-23 15:05:23,352 [INFO] PluginManager:220 - loadIPPluginJar : add tracer_emb
2024-11-23 15:05:23,354 [INFO] IPUIPlugin:80 - create IPUIPlugin
2024-11-23 15:05:23,354 [INFO] PluginManager:220 - loadIPPluginJar : add ts
2024-11-23 15:05:23,355 [INFO] IPUIPlugin:80 - create IPUIPlugin
2024-11-23 15:05:23,355 [INFO] PluginManager:220 - loadIPPluginJar : add tsc
2024-11-23 15:05:23,356 [INFO] IPUIPlugin:80 - create IPUIPlugin
2024-11-23 15:05:23,356 [INFO] PluginManager:220 - loadIPPluginJar : add ucpd
2024-11-23 15:05:23,358 [INFO] IPUIPlugin:80 - create IPUIPlugin
2024-11-23 15:05:23,358 [INFO] PluginManager:220 - loadIPPluginJar : add usart
2024-11-23 15:05:23,359 [INFO] IPUIPlugin:80 - create IPUIPlugin
2024-11-23 15:05:23,359 [INFO] PluginManager:220 - loadIPPluginJar : add usbx
2024-11-23 15:05:23,467 [INFO] CADModel:165 - CPN selected for project level
2024-11-23 15:05:23,467 [INFO] CADModel:114 - Register for checkConnection events
2024-11-23 15:05:23,467 [FATAL] Updater:308 - Updater called before beeing initialized
2024-11-23 15:05:23,467 [ERROR] CADModel:125 - Updater not yet initialized, retry later 
2024-11-23 15:05:23,555 [INFO] CADModel:165 - CPN selected for project level
2024-11-23 15:05:23,555 [INFO] CADModel:114 - Register for checkConnection events
2024-11-23 15:05:23,555 [FATAL] Updater:308 - Updater called before beeing initialized
2024-11-23 15:05:23,555 [ERROR] CADModel:125 - Updater not yet initialized, retry later 
2024-11-23 15:05:23,557 [FATAL] Updater:308 - Updater called before beeing initialized
2024-11-23 15:05:23,631 [FATAL] Updater:308 - Updater called before beeing initialized
2024-11-23 15:05:23,634 [INFO] DbMcusAds:53 - JSON generation date=Fri Sep 20 22:04:38 KST 2024 (1726837478367)
2024-11-23 15:05:23,634 [FATAL] Updater:308 - Updater called before beeing initialized
2024-11-23 15:05:23,694 [WARN] DetailPanel:346 - Failed to get advertising image, set to default
2024-11-23 15:05:23,749 [FATAL] Updater:308 - Updater called before beeing initialized
2024-11-23 15:05:23,751 [FATAL] Updater:308 - Updater called before beeing initialized
2024-11-23 15:05:23,751 [FATAL] Updater:308 - Updater called before beeing initialized
2024-11-23 15:05:23,751 [WARN] DetailPanel:346 - Failed to get advertising image, set to default
2024-11-23 15:05:23,751 [FATAL] Updater:308 - Updater called before beeing initialized
2024-11-23 15:05:23,782 [ERROR] Updater:1120 - MainUpdater not yet initialized. External WinMGr cannot be set.
2024-11-23 15:05:23,784 [INFO] Updater:1056 - Updater Version found : 6.10.0
2024-11-23 15:05:23,796 [INFO] ApplicationProperties:184 - Using Application install path: C:\ST\STM32CubeIDE_1.14.1\STM32CubeIDE\plugins\com.st.stm32cube.common.mx_6.10.0.202311202037
2024-11-23 15:05:24,090 [INFO] MainUpdater:2873 - connection check result : 10
2024-11-23 15:05:24,090 [INFO] MainUpdater:290 - Updater Check For Update Now.
2024-11-23 15:05:24,091 [INFO] MicroXplorer:498 - Change Database Version : DB.6.0.100
2024-11-23 15:05:24,098 [INFO] McuFinderGlobals:63 - Set McuFinder mode to 2 (CubeIDE integrated)
2024-11-23 15:05:24,255 [INFO] CheckServerUpdateThread:120 - End of CheckServer Thread
2024-11-23 15:05:24,417 [INFO] UserAuth:404 - Internet connection configuration mode: 1
2024-11-23 15:05:24,433 [INFO] JxBrowserEngine:152 - Initiate JxBrowser Engine with user profile folder
2024-11-23 15:05:25,866 [INFO] WebApp:161 - Instantiating new browser for Auth
2024-11-23 15:05:26,137 [WARN] PackLoader:240 - Cannot read IP mode file for STMicroelectronics.FP-SNS-MOTENVWB1.1.4.0
2024-11-23 15:05:26,143 [WARN] PackLoader:240 - Cannot read IP mode file for STMicroelectronics.FP-ATR-ASTRA1.2.0.1
2024-11-23 15:05:26,149 [WARN] PackLoader:240 - Cannot read IP mode file for STMicroelectronics.X-CUBE-SMBUS.2.1.0
2024-11-23 15:05:26,154 [WARN] PackLoader:240 - Cannot read IP mode file for STMicroelectronics.X-CUBE-WB05N.1.1.0
2024-11-23 15:05:26,168 [WARN] PackLoader:240 - Cannot read IP mode file for STMicroelectronics.X-CUBE-AZRTOS-F7.1.1.0
2024-11-23 15:05:26,204 [WARN] PackLoader:240 - Cannot read IP mode file for STMicroelectronics.X-CUBE-MEMS1.11.0.0
2024-11-23 15:05:26,272 [WARN] PackLoader:240 - Cannot read IP mode file for STMicroelectronics.FP-SNS-FLIGHT1.5.0.2
2024-11-23 15:05:26,277 [WARN] PackLoader:240 - Cannot read IP mode file for STMicroelectronics.X-CUBE-DISPLAY.3.0.0
2024-11-23 15:05:26,283 [WARN] PackLoader:240 - Cannot read IP mode file for STMicroelectronics.X-CUBE-BLE1.7.0.0
2024-11-23 15:05:26,287 [WARN] PackLoader:240 - Cannot read IP mode file for STMicroelectronics.X-CUBE-NFC10.1.0.0
2024-11-23 15:05:26,291 [WARN] PackLoader:240 - Cannot read IP mode file for emotas.I-CUBE-CANOPEN.1.3.0
2024-11-23 15:05:26,297 [WARN] PackLoader:240 - Cannot read IP mode file for STMicroelectronics.X-CUBE-BLEMGR.3.1.0
2024-11-23 15:05:26,306 [WARN] PackLoader:240 - Cannot read IP mode file for STMicroelectronics.FP-SNS-SMARTAG2.1.2.0
2024-11-23 15:05:26,316 [INFO] LogOutputStream:77 - [STDOUT_REDIRECT] 1 : Invalid condition id : UX_CORESTACK_Condition cause : null
2024-11-23 15:05:26,317 [INFO] LogOutputStream:77 - [STDOUT_REDIRECT] 1 : Invalid condition id : UX_CORESTACK_Condition cause : null
2024-11-23 15:05:26,318 [INFO] LogOutputStream:77 - [STDOUT_REDIRECT] 1 : Invalid condition id : UX_CORESTACK_Condition cause : null
2024-11-23 15:05:26,320 [INFO] LogOutputStream:77 - [STDOUT_REDIRECT] 1 : Invalid condition id : UX_CORESTACK_Condition cause : null
2024-11-23 15:05:26,321 [INFO] LogOutputStream:77 - [STDOUT_REDIRECT] 1 : Invalid condition id : UX_CORESTACK_Condition cause : null
2024-11-23 15:05:26,323 [WARN] PackLoader:240 - Cannot read IP mode file for STMicroelectronics.X-CUBE-AZRTOS-WL.2.0.0
2024-11-23 15:05:26,341 [WARN] PackLoader:240 - Cannot read IP mode file for STMicroelectronics.FP-SNS-MOTENV1.5.0.0
2024-11-23 15:05:26,348 [WARN] PackLoader:240 - Cannot read IP mode file for wolfSSL.I-CUBE-wolfMQTT.1.19.0
2024-11-23 15:05:26,361 [WARN] PackLoader:240 - Cannot read IP mode file for WES.I-CUBE-Cesium.1.3.0
2024-11-23 15:05:26,365 [WARN] PackLoader:240 - Cannot read IP mode file for STMicroelectronics.X-CUBE-BLE2.3.3.0
2024-11-23 15:05:26,369 [WARN] PackLoader:240 - Cannot read IP mode file for STMicroelectronics.X-CUBE-NFC9.1.0.0
2024-11-23 15:05:26,374 [WARN] PackLoader:240 - Cannot read IP mode file for STMicroelectronics.X-CUBE-TCPP.4.1.0
2024-11-23 15:05:26,383 [WARN] PackLoader:240 - Cannot read IP mode file for STMicroelectronics.X-CUBE-AZRTOS-G0.1.1.0
2024-11-23 15:05:26,388 [WARN] PackLoader:240 - Cannot read IP mode file for STMicroelectronics.X-CUBE-SAFEA1.1.2.2
2024-11-23 15:05:26,393 [WARN] PackLoader:240 - Cannot read IP mode file for STMicroelectronics.X-CUBE-NFC4.3.0.0
2024-11-23 15:05:26,400 [WARN] PackLoader:240 - Cannot read IP mode file for EmbeddedOffice.I-CUBE-FS-RTOS.1.0.1
2024-11-23 15:05:26,400 [ERROR] ConditionMgr:805 - Attr not supported : Dmpu
2024-11-23 15:05:26,400 [ERROR] ConditionMgr:805 - Attr not supported : Dmpu
2024-11-23 15:05:26,400 [ERROR] ConditionMgr:805 - Attr not supported : Dmpu
2024-11-23 15:05:26,400 [ERROR] ConditionMgr:805 - Attr not supported : Dmpu
2024-11-23 15:05:26,400 [ERROR] ConditionMgr:805 - Attr not supported : Dmpu
2024-11-23 15:05:26,400 [ERROR] ConditionMgr:805 - Attr not supported : Dmpu
2024-11-23 15:05:26,400 [ERROR] ConditionMgr:805 - Attr not supported : Dmpu
2024-11-23 15:05:26,400 [ERROR] ConditionMgr:805 - Attr not supported : Dmpu
2024-11-23 15:05:26,400 [ERROR] ConditionMgr:805 - Attr not supported : Dmpu
2024-11-23 15:05:26,400 [ERROR] ConditionMgr:805 - Attr not supported : Dmpu
2024-11-23 15:05:26,400 [ERROR] ConditionMgr:805 - Attr not supported : Dmpu
2024-11-23 15:05:26,400 [ERROR] ConditionMgr:805 - Attr not supported : Dmpu
2024-11-23 15:05:26,401 [ERROR] ConditionMgr:805 - Attr not supported : Dmpu
2024-11-23 15:05:26,401 [ERROR] ConditionMgr:805 - Attr not supported : Dmpu
2024-11-23 15:05:26,401 [ERROR] ConditionMgr:805 - Attr not supported : Dmpu
2024-11-23 15:05:26,401 [ERROR] ConditionMgr:805 - Attr not supported : Dmpu
2024-11-23 15:05:26,401 [ERROR] ConditionMgr:805 - Attr not supported : Dmpu
2024-11-23 15:05:26,401 [ERROR] ConditionMgr:805 - Attr not supported : Dmpu
2024-11-23 15:05:26,401 [ERROR] ConditionMgr:805 - Attr not supported : Dmpu
2024-11-23 15:05:26,401 [ERROR] ConditionMgr:805 - Attr not supported : Dmpu
2024-11-23 15:05:26,401 [ERROR] ConditionMgr:805 - Attr not supported : Dmpu
2024-11-23 15:05:26,401 [ERROR] ConditionMgr:805 - Attr not supported : Dmpu
2024-11-23 15:05:26,401 [ERROR] ConditionMgr:805 - Attr not supported : Dmpu
2024-11-23 15:05:26,401 [ERROR] ConditionMgr:805 - Attr not supported : Dmpu
2024-11-23 15:05:26,401 [ERROR] ConditionMgr:805 - Attr not supported : Dmpu
2024-11-23 15:05:26,401 [ERROR] ConditionMgr:805 - Attr not supported : Dmpu
2024-11-23 15:05:26,401 [ERROR] ConditionMgr:805 - Attr not supported : Dmpu
2024-11-23 15:05:26,401 [ERROR] ConditionMgr:805 - Attr not supported : Dmpu
2024-11-23 15:05:26,401 [ERROR] ConditionMgr:805 - Attr not supported : Dmpu
2024-11-23 15:05:26,401 [ERROR] ConditionMgr:805 - Attr not supported : Dmpu
2024-11-23 15:05:26,401 [ERROR] ConditionMgr:805 - Attr not supported : Dmpu
2024-11-23 15:05:26,401 [ERROR] ConditionMgr:805 - Attr not supported : Dmpu
2024-11-23 15:05:26,401 [ERROR] ConditionMgr:805 - Attr not supported : Dmpu
2024-11-23 15:05:26,401 [ERROR] ConditionMgr:805 - Attr not supported : Dmpu
2024-11-23 15:05:26,401 [ERROR] ConditionMgr:805 - Attr not supported : Dmpu
2024-11-23 15:05:26,401 [ERROR] ConditionMgr:805 - Attr not supported : Dmpu
2024-11-23 15:05:26,401 [ERROR] ConditionMgr:805 - Attr not supported : Dmpu
2024-11-23 15:05:26,401 [ERROR] ConditionMgr:805 - Attr not supported : Dmpu
2024-11-23 15:05:26,401 [ERROR] ConditionMgr:805 - Attr not supported : Dmpu
2024-11-23 15:05:26,401 [ERROR] ConditionMgr:805 - Attr not supported : Dmpu
2024-11-23 15:05:26,401 [ERROR] ConditionMgr:805 - Attr not supported : Dmpu
2024-11-23 15:05:26,401 [ERROR] ConditionMgr:805 - Attr not supported : Dmpu
2024-11-23 15:05:26,401 [ERROR] ConditionMgr:805 - Attr not supported : Dmpu
2024-11-23 15:05:26,401 [ERROR] ConditionMgr:805 - Attr not supported : Dmpu
2024-11-23 15:05:26,401 [ERROR] ConditionMgr:805 - Attr not supported : Dmpu
2024-11-23 15:05:26,401 [ERROR] ConditionMgr:805 - Attr not supported : Dmpu
2024-11-23 15:05:26,401 [ERROR] ConditionMgr:805 - Attr not supported : Dmpu
2024-11-23 15:05:26,401 [ERROR] ConditionMgr:805 - Attr not supported : Dmpu
2024-11-23 15:05:26,401 [ERROR] ConditionMgr:805 - Attr not supported : Dmpu
2024-11-23 15:05:26,402 [ERROR] ConditionMgr:805 - Attr not supported : Dmpu
2024-11-23 15:05:26,402 [ERROR] ConditionMgr:805 - Attr not supported : Dmpu
2024-11-23 15:05:26,402 [ERROR] ConditionMgr:805 - Attr not supported : Dmpu
2024-11-23 15:05:26,402 [ERROR] ConditionMgr:805 - Attr not supported : Dmpu
2024-11-23 15:05:26,402 [ERROR] ConditionMgr:805 - Attr not supported : Dmpu
2024-11-23 15:05:26,402 [ERROR] ConditionMgr:805 - Attr not supported : Dmpu
2024-11-23 15:05:26,402 [ERROR] ConditionMgr:805 - Attr not supported : Dmpu
2024-11-23 15:05:26,402 [ERROR] ConditionMgr:805 - Attr not supported : Dmpu
2024-11-23 15:05:26,402 [ERROR] ConditionMgr:805 - Attr not supported : Dmpu
2024-11-23 15:05:26,402 [ERROR] ConditionMgr:805 - Attr not supported : Dmpu
2024-11-23 15:05:26,402 [ERROR] ConditionMgr:805 - Attr not supported : Dmpu
2024-11-23 15:05:26,402 [ERROR] ConditionMgr:805 - Attr not supported : Dmpu
2024-11-23 15:05:26,402 [ERROR] ConditionMgr:805 - Attr not supported : Dmpu
2024-11-23 15:05:26,402 [ERROR] ConditionMgr:805 - Attr not supported : Dmpu
2024-11-23 15:05:26,402 [ERROR] ConditionMgr:805 - Attr not supported : Dmpu
2024-11-23 15:05:26,407 [WARN] PackLoader:240 - Cannot read IP mode file for RealThread.X-CUBE-RT-Thread_Nano.4.1.1
2024-11-23 15:05:26,411 [WARN] PackLoader:240 - Cannot read IP mode file for STMicroelectronics.FP-ATR-SIGFOX1.3.2.0
2024-11-23 15:05:26,414 [WARN] ConditionMgr:438 - getConditionDescription Invalid condition id : Cortex-A Device cause : null
2024-11-23 15:05:26,424 [WARN] ConditionMgr:1039 - genDependencies : Invalid condition id : Cortex-A Device cause : null
2024-11-23 15:05:26,424 [WARN] ConditionMgr:1039 - genDependencies : Invalid condition id : Cortex-A Device cause : null
2024-11-23 15:05:26,424 [WARN] ConditionMgr:1039 - genDependencies : Invalid condition id : Cortex-A Device cause : null
2024-11-23 15:05:26,428 [WARN] PackLoader:240 - Cannot read IP mode file for STMicroelectronics.X-CUBE-EEPRMA1.5.1.0
2024-11-23 15:05:26,432 [WARN] PackLoader:240 - Cannot read IP mode file for wolfSSL.I-CUBE-wolfSSL.5.7.4
2024-11-23 15:05:26,436 [WARN] PackLoader:240 - Cannot read IP mode file for ITTIA_DB.I-CUBE-ITTIADB.8.9.0
2024-11-23 15:05:26,454 [WARN] PackLoader:240 - Cannot read IP mode file for SEGGER.I-CUBE-embOS.1.3.1
2024-11-23 15:05:26,477 [WARN] PackLoader:240 - Cannot read IP mode file for STMicroelectronics.X-CUBE-ALGOBUILD.1.4.0
2024-11-23 15:05:26,481 [WARN] PackLoader:240 - Cannot read IP mode file for STMicroelectronics.X-CUBE-AI.9.1.0
2024-11-23 15:05:26,490 [WARN] PackLoader:240 - Cannot read IP mode file for STMicroelectronics.X-CUBE-AZRTOS-F4.1.1.0
2024-11-23 15:05:26,498 [WARN] PackLoader:240 - Cannot read IP mode file for STMicroelectronics.X-CUBE-ISPU.2.1.0
2024-11-23 15:05:26,502 [WARN] PackLoader:240 - Cannot read IP mode file for STMicroelectronics.X-CUBE-FREERTOS.1.2.0
2024-11-23 15:05:26,502 [INFO] WebApp:780 - Register for checkConnection events
2024-11-23 15:05:26,502 [INFO] WebApp:414 - Apply proxy settings
2024-11-23 15:05:26,503 [INFO] WebApp:499 - Chromium requires no authentication
2024-11-23 15:05:26,512 [WARN] PackLoader:240 - Cannot read IP mode file for STMicroelectronics.X-CUBE-AZRTOS-L5.2.0.0
2024-11-23 15:05:26,518 [WARN] PackLoader:240 - Cannot read IP mode file for STMicroelectronics.X-CUBE-NFC6.3.1.0
2024-11-23 15:05:26,519 [INFO] WebApp:442 - Direct internet connection detected
2024-11-23 15:05:26,523 [WARN] PackLoader:240 - Cannot read IP mode file for STMicroelectronics.X-CUBE-DPower.1.2.0
2024-11-23 15:05:26,528 [WARN] PackLoader:240 - Cannot read IP mode file for STMicroelectronics.X-CUBE-NFC7.1.0.1
2024-11-23 15:05:26,537 [WARN] ConditionMgr:438 - getConditionDescription Invalid condition id : LAN8742 Phy interface Condition cause : null
2024-11-23 15:05:26,537 [WARN] PackLoader:240 - Cannot read IP mode file for STMicroelectronics.X-CUBE-AZRTOS-L4.2.0.0
2024-11-23 15:05:26,538 [WARN] ConditionMgr:1039 - genDependencies : Invalid condition id : LAN8742 Phy interface Condition cause : null
2024-11-23 15:05:26,538 [WARN] ConditionMgr:1039 - genDependencies : Invalid condition id : LAN8742 Phy interface Condition cause : null
2024-11-23 15:05:26,538 [WARN] ConditionMgr:1039 - genDependencies : Invalid condition id : LAN8742 Phy interface Condition cause : null
2024-11-23 15:05:26,543 [WARN] PackLoader:240 - Cannot read IP mode file for STMicroelectronics.X-CUBE-SFXS2LP1.4.0.0
2024-11-23 15:05:26,554 [WARN] PackLoader:240 - Cannot read IP mode file for STMicroelectronics.X-CUBE-AZRTOS-H7.3.3.0
2024-11-23 15:05:26,566 [WARN] PackLoader:240 - Cannot read IP mode file for STMicroelectronics.X-CUBE-IPS.3.0.0
2024-11-23 15:05:26,642 [WARN] ConditionMgr:438 - getConditionDescription Invalid condition id : UX DEVICE CLASS RTOS Condition cause : null
2024-11-23 15:05:26,642 [WARN] ConditionMgr:438 - getConditionDescription Invalid condition id : UX DEVICE CLASS RTOS Condition cause : null
2024-11-23 15:05:26,643 [WARN] PackLoader:240 - Cannot read IP mode file for STMicroelectronics.X-CUBE-AZRTOS-WB.2.0.0
2024-11-23 15:05:26,644 [WARN] ConditionMgr:1039 - genDependencies : Invalid condition id : UX DEVICE CLASS RTOS Condition cause : null
2024-11-23 15:05:26,644 [WARN] ConditionMgr:1039 - genDependencies : Invalid condition id : UX DEVICE CLASS RTOS Condition cause : null
2024-11-23 15:05:26,644 [WARN] ConditionMgr:1039 - genDependencies : Invalid condition id : UX DEVICE CLASS RTOS Condition cause : null
2024-11-23 15:05:26,644 [WARN] ConditionMgr:1039 - genDependencies : Invalid condition id : UX DEVICE CLASS RTOS Condition cause : null
2024-11-23 15:05:26,644 [WARN] ConditionMgr:1039 - genDependencies : Invalid condition id : UX DEVICE CLASS RTOS Condition cause : null
2024-11-23 15:05:26,648 [WARN] PackLoader:240 - Cannot read IP mode file for STMicroelectronics.X-CUBE-GNSS1.7.0.0
2024-11-23 15:05:26,653 [WARN] PackLoader:240 - Cannot read IP mode file for STMicroelectronics.FP-SNS-STBOX1.2.0.0
2024-11-23 15:05:26,660 [WARN] PackLoader:240 - Cannot read IP mode file for STMicroelectronics.X-CUBE-SUBG2.5.0.0
2024-11-23 15:05:26,666 [WARN] PackLoader:240 - Cannot read IP mode file for Cesanta.I-CUBE-Mongoose.7.13.0
2024-11-23 15:05:26,673 [WARN] PackLoader:240 - Cannot read IP mode file for STMicroelectronics.X-CUBE-AZRTOS-G4.2.0.0
2024-11-23 15:05:26,677 [WARN] PackLoader:240 - Cannot read IP mode file for STMicroelectronics.X-CUBE-ALS.1.0.2
2024-11-23 15:05:26,682 [WARN] PackLoader:240 - Cannot read IP mode file for STMicroelectronics.X-CUBE-TOUCHGFX.4.24.1
2024-11-23 15:05:26,685 [WARN] PackLoader:240 - Cannot read IP mode file for wolfSSL.I-CUBE-wolfTPM.3.4.0
2024-11-23 15:05:26,689 [WARN] PackLoader:240 - Cannot read IP mode file for portGmbH.I-Cube-SoM-uGOAL.1.1.0
2024-11-23 15:05:26,699 [WARN] PackLoader:240 - Cannot read IP mode file for STMicroelectronics.X-CUBE-AZRTOS-H7RS.1.0.0
2024-11-23 15:05:26,706 [WARN] PackLoader:240 - Cannot read IP mode file for STMicroelectronics.X-CUBE-TOF1.3.4.2
2024-11-23 15:05:26,757 [WARN] PackLoader:240 - Cannot read IP mode file for Infineon.AIROC-Wi-Fi-Bluetooth-STM32.1.6.1
2024-11-23 15:05:26,765 [WARN] PackLoader:240 - Cannot read IP mode file for wolfSSL.I-CUBE-wolfSSH.1.4.17
2024-11-23 15:05:26,766 [INFO] ThirdParty:978 - Integrity check success = true
2024-11-23 15:05:26,766 [INFO] IntegrityCheckThread:100 - exiting critical section [integrity check]
2024-11-23 15:05:26,766 [INFO] IntegrityCheckThread:103 - End integrity checks thread
2024-11-23 15:05:26,909 [INFO] WebApp:192 - Starting web application
2024-11-23 15:05:26,909 [INFO] WebApp:544 - Web application path used C:\ST\STM32CubeIDE_1.14.1\STM32CubeIDE\plugins\com.st.stm32cube.common.mx_6.10.0.202311202037\db\plugins\mcufinder\reactClient1\index.html
2024-11-23 15:05:47,388 [ERROR] LogOutputStream:75 - [STDERR_REDIRECT] SLF4J: Failed to load class "org.slf4j.impl.StaticLoggerBinder".
2024-11-23 15:05:47,388 [ERROR] LogOutputStream:75 - [STDERR_REDIRECT] SLF4J: Defaulting to no-operation (NOP) logger implementation
2024-11-23 15:05:47,388 [ERROR] LogOutputStream:75 - [STDERR_REDIRECT] SLF4J: See http://www.slf4j.org/codes.html#StaticLoggerBinder for further details.
2024-11-23 18:38:57,707 [ERROR] LogOutputStream:75 - [STDERR_REDIRECT] 
